\BOOKMARK [-1][-]{part*.2}{\376\377\000P\000a\000r\000t\000\040\000I\000\040\040\024\000\040\000F\000o\000u\000n\000d\000a\000t\000i\000o\000n\000s}{}% 1
\BOOKMARK [0][-]{chapter.1}{\376\377\000W\000h\000a\000t\000\040\000.\000N\000E\000T\000\040\000I\000s}{part*.2}% 2
\BOOKMARK [1][-]{section.1.1}{\376\377\000T\000h\000e\000\040\000t\000h\000r\000e\000e\000\040\000t\000h\000i\000n\000g\000s\000\040\000p\000e\000o\000p\000l\000e\000\040\000c\000a\000l\000l\000\040\000`\000`\000.\000N\000E\000T\000'\000'}{chapter.1}% 3
\BOOKMARK [1][-]{section.1.2}{\376\377\000.\000N\000E\000T\000\040\000i\000s\000\040\000n\000o\000t\000\040\000A\000z\000u\000r\000e\000:\000\040\000w\000h\000e\000r\000e\000\040\000G\000l\000o\000s\000i\000f\000y\000\040\000r\000u\000n\000s}{chapter.1}% 4
\BOOKMARK [1][-]{section.1.3}{\376\377\000T\000h\000e\000\040\000v\000e\000r\000s\000i\000o\000n\000\040\000t\000h\000a\000t\000\040\000m\000a\000t\000t\000e\000r\000s\000\040\000h\000e\000r\000e\000:\000\040\000n\000e\000t\0001\0000\000.\0000}{chapter.1}% 5
\BOOKMARK [1][-]{section.1.4}{\376\377\000H\000o\000w\000\040\000c\000o\000d\000e\000\040\000b\000e\000c\000o\000m\000e\000s\000\040\000a\000\040\000r\000u\000n\000n\000i\000n\000g\000\040\000p\000r\000o\000g\000r\000a\000m}{chapter.1}% 6
\BOOKMARK [1][-]{section.1.5}{\376\377\000D\000e\000p\000e\000n\000d\000e\000n\000c\000i\000e\000s\000:\000\040\000N\000u\000G\000e\000t\000\040\000a\000n\000d\000\040\000<\000P\000a\000c\000k\000a\000g\000e\000R\000e\000f\000e\000r\000e\000n\000c\000e\000>}{chapter.1}% 7
\BOOKMARK [1][-]{section.1.6}{\376\377\000S\000u\000m\000m\000a\000r\000y}{chapter.1}% 8
\BOOKMARK [0][-]{chapter.2}{\376\377\000C\000\043\000\040\000f\000o\000r\000\040\000P\000e\000o\000p\000l\000e\000\040\000W\000h\000o\000\040\000A\000l\000r\000e\000a\000d\000y\000\040\000P\000r\000o\000g\000r\000a\000m}{part*.2}% 9
\BOOKMARK [1][-]{section.2.1}{\376\377\000V\000a\000l\000u\000e\000\040\000t\000y\000p\000e\000s\000\040\000v\000s\000\040\000r\000e\000f\000e\000r\000e\000n\000c\000e\000\040\000t\000y\000p\000e\000s}{chapter.2}% 10
\BOOKMARK [1][-]{section.2.2}{\376\377\000P\000r\000o\000p\000e\000r\000t\000i\000e\000s\000,\000\040\000n\000o\000t\000\040\000f\000i\000e\000l\000d\000s}{chapter.2}% 11
\BOOKMARK [1][-]{section.2.3}{\376\377\000N\000u\000l\000l\000a\000b\000l\000e\000\040\000r\000e\000f\000e\000r\000e\000n\000c\000e\000\040\000t\000y\000p\000e\000s\000:\000\040\000t\000h\000e\000\040\000?\000\040\000e\000v\000e\000r\000y\000w\000h\000e\000r\000e}{chapter.2}% 12
\BOOKMARK [1][-]{section.2.4}{\376\377\000v\000a\000r\000,\000\040\000o\000b\000j\000e\000c\000t\000\040\000i\000n\000i\000t\000i\000a\000l\000i\000z\000e\000r\000s\000,\000\040\000a\000n\000d\000\040\000n\000e\000w}{chapter.2}% 13
\BOOKMARK [1][-]{section.2.5}{\376\377\000I\000n\000t\000e\000r\000f\000a\000c\000e\000s\000\040\000a\000n\000d\000\040\000t\000h\000e\000\040\000i\000m\000p\000l\000e\000m\000e\000n\000t\000a\000t\000i\000o\000n\000\040\000b\000e\000s\000i\000d\000e\000\040\000t\000h\000e\000m}{chapter.2}% 14
\BOOKMARK [1][-]{section.2.6}{\376\377\000C\000o\000n\000s\000t\000r\000u\000c\000t\000o\000r\000s\000\040\000a\000n\000d\000\040\000r\000e\000a\000d\000o\000n\000l\000y\000\040\000f\000i\000e\000l\000d\000s}{chapter.2}% 15
\BOOKMARK [1][-]{section.2.7}{\376\377\000a\000s\000y\000n\000c\000/\000a\000w\000a\000i\000t\000\040\000a\000n\000d\000\040\000T\000a\000s\000k\000<\000T\000>}{chapter.2}% 16
\BOOKMARK [1][-]{section.2.8}{\376\377\000L\000I\000N\000Q\000:\000\040\000q\000u\000e\000r\000y\000i\000n\000g\000\040\000c\000o\000l\000l\000e\000c\000t\000i\000o\000n\000s\000\040\000a\000n\000d\000\040\000d\000a\000t\000a\000b\000a\000s\000e\000s\000\040\000t\000h\000e\000\040\000s\000a\000m\000e\000\040\000w\000a\000y}{chapter.2}% 17
\BOOKMARK [1][-]{section.2.9}{\376\377\000N\000a\000m\000e\000s\000p\000a\000c\000e\000s\000,\000\040\000u\000s\000i\000n\000g\000,\000\040\000a\000n\000d\000\040\000e\000x\000t\000e\000n\000s\000i\000o\000n\000\040\000m\000e\000t\000h\000o\000d\000s}{chapter.2}% 18
\BOOKMARK [1][-]{section.2.10}{\376\377\000E\000x\000c\000e\000p\000t\000i\000o\000n\000s\000\040\000a\000n\000d\000\040\000g\000u\000a\000r\000d\000\040\000c\000l\000a\000u\000s\000e\000s}{chapter.2}% 19
\BOOKMARK [1][-]{section.2.11}{\376\377\000S\000u\000m\000m\000a\000r\000y}{chapter.2}% 20
\BOOKMARK [0][-]{chapter.3}{\376\377\000P\000r\000o\000j\000e\000c\000t\000\040\000L\000a\000y\000o\000u\000t\000\040\000\046\000\040\000C\000o\000n\000v\000e\000n\000t\000i\000o\000n\000s}{part*.2}% 21
\BOOKMARK [1][-]{section.3.1}{\376\377\000T\000h\000e\000\040\000s\000h\000a\000p\000e\000\040\000o\000f\000\040\000t\000h\000e\000\040\000s\000o\000u\000r\000c\000e\000\040\000t\000r\000e\000e}{chapter.3}% 22
\BOOKMARK [1][-]{section.3.2}{\376\377\000T\000h\000e\000\040\000M\000o\000d\000e\000l\000s\000\040\000s\000p\000l\000i\000t\000:\000\040\000w\000h\000y\000\040\000t\000h\000r\000e\000e\000\040\000k\000i\000n\000d\000s\000\040\000o\000f\000\040\000m\000o\000d\000e\000l}{chapter.3}% 23
\BOOKMARK [1][-]{section.3.3}{\376\377\000N\000a\000m\000e\000s\000p\000a\000c\000e\000s\000\040\000a\000n\000d\000\040\000g\000l\000o\000b\000a\000l\000\040\000u\000s\000i\000n\000g}{chapter.3}% 24
\BOOKMARK [1][-]{section.3.4}{\376\377\000T\000h\000e\000\040\000i\000n\000t\000e\000r\000f\000a\000c\000e\000-\000b\000e\000s\000i\000d\000e\000-\000i\000m\000p\000l\000e\000m\000e\000n\000t\000a\000t\000i\000o\000n\000\040\000c\000o\000n\000v\000e\000n\000t\000i\000o\000n}{chapter.3}% 25
\BOOKMARK [1][-]{section.3.5}{\376\377\000T\000e\000s\000t\000\040\000p\000r\000o\000j\000e\000c\000t\000\040\000l\000a\000y\000o\000u\000t}{chapter.3}% 26
\BOOKMARK [1][-]{section.3.6}{\376\377\000S\000u\000m\000m\000a\000r\000y}{chapter.3}% 27
\BOOKMARK [-1][-]{part*.3}{\376\377\000P\000a\000r\000t\000\040\000I\000I\000\040\040\024\000\040\000T\000h\000e\000\040\000A\000S\000P\000.\000N\000E\000T\000\040\000C\000o\000r\000e\000\040\000A\000p\000p\000l\000i\000c\000a\000t\000i\000o\000n}{}% 28
\BOOKMARK [0][-]{chapter.4}{\376\377\000T\000h\000e\000\040\000H\000o\000s\000t\000\040\000\046\000\040\000t\000h\000e\000\040\000R\000e\000q\000u\000e\000s\000t\000\040\000P\000i\000p\000e\000l\000i\000n\000e}{part*.3}% 29
\BOOKMARK [1][-]{section.4.1}{\376\377\000O\000n\000e\000\040\000f\000i\000l\000e\000\040\000s\000t\000a\000r\000t\000s\000\040\000e\000v\000e\000r\000y\000t\000h\000i\000n\000g\000:\000\040\000P\000r\000o\000g\000r\000a\000m\000.\000c\000s}{chapter.4}% 30
\BOOKMARK [1][-]{section.4.2}{\376\377\000W\000h\000a\000t\000\040\000m\000i\000d\000d\000l\000e\000w\000a\000r\000e\000\040\000i\000s}{chapter.4}% 31
\BOOKMARK [1][-]{section.4.3}{\376\377\000W\000h\000e\000r\000e\000\040\000t\000h\000e\000\040\000h\000o\000s\000t\000\040\000r\000u\000n\000s\000:\000\040\000A\000p\000p\000\040\000S\000e\000r\000v\000i\000c\000e\000\040\000a\000n\000d\000\040\000o\000t\000h\000e\000r\000\040\000c\000o\000m\000p\000u\000t\000e\000\040\000c\000h\000o\000i\000c\000e\000s}{chapter.4}% 32
\BOOKMARK [1][-]{section.4.4}{\376\377\000R\000o\000u\000t\000i\000n\000g\000:\000\040\000t\000u\000r\000n\000i\000n\000g\000\040\000U\000R\000L\000s\000\040\000i\000n\000t\000o\000\040\000a\000c\000t\000i\000o\000n\000s}{chapter.4}% 33
\BOOKMARK [1][-]{section.4.5}{\376\377\000S\000u\000m\000m\000a\000r\000y}{chapter.4}% 34
\BOOKMARK [0][-]{chapter.5}{\376\377\000D\000e\000p\000e\000n\000d\000e\000n\000c\000y\000\040\000I\000n\000j\000e\000c\000t\000i\000o\000n\000\040\000\046\000\040\000C\000o\000n\000f\000i\000g\000u\000r\000a\000t\000i\000o\000n}{part*.3}% 35
\BOOKMARK [1][-]{section.5.1}{\376\377\000T\000h\000e\000\040\000p\000r\000o\000b\000l\000e\000m\000\040\000D\000I\000\040\000s\000o\000l\000v\000e\000s}{chapter.5}% 36
\BOOKMARK [1][-]{section.5.2}{\376\377\000R\000e\000g\000i\000s\000t\000e\000r\000i\000n\000g\000\040\000s\000e\000r\000v\000i\000c\000e\000s\000\040\000a\000n\000d\000\040\000t\000h\000e\000\040\000t\000h\000r\000e\000e\000\040\000l\000i\000f\000e\000t\000i\000m\000e\000s}{chapter.5}% 37
\BOOKMARK [1][-]{section.5.3}{\376\377\000C\000o\000n\000f\000i\000g\000u\000r\000a\000t\000i\000o\000n\000:\000\040\000l\000a\000y\000e\000r\000e\000d\000\040\000s\000e\000t\000t\000i\000n\000g\000s}{chapter.5}% 38
\BOOKMARK [1][-]{section.5.4}{\376\377\000T\000h\000e\000\040\000O\000p\000t\000i\000o\000n\000s\000\040\000p\000a\000t\000t\000e\000r\000n\000:\000\040\000t\000y\000p\000e\000d\000\040\000c\000o\000n\000f\000i\000g\000u\000r\000a\000t\000i\000o\000n}{chapter.5}% 39
\BOOKMARK [1][-]{section.5.5}{\376\377\000T\000h\000e\000\040\000d\000a\000t\000a\000b\000a\000s\000e\000\040\000r\000e\000g\000i\000s\000t\000r\000a\000t\000i\000o\000n\000\040\000a\000n\000d\000\040\000c\000o\000n\000n\000e\000c\000t\000i\000o\000n\000\040\000s\000t\000r\000i\000n\000g}{chapter.5}% 40
\BOOKMARK [1][-]{section.5.6}{\376\377\000S\000u\000m\000m\000a\000r\000y}{chapter.5}% 41
\BOOKMARK [0][-]{chapter.6}{\376\377\000M\000V\000C\000:\000\040\000C\000o\000n\000t\000r\000o\000l\000l\000e\000r\000s\000,\000\040\000R\000o\000u\000t\000i\000n\000g\000\040\000\046\000\040\000M\000o\000d\000e\000l\000\040\000B\000i\000n\000d\000i\000n\000g}{part*.3}% 42
\BOOKMARK [1][-]{section.6.1}{\376\377\000W\000h\000a\000t\000\040\000a\000\040\000c\000o\000n\000t\000r\000o\000l\000l\000e\000r\000\040\000i\000s}{chapter.6}% 43
\BOOKMARK [1][-]{section.6.2}{\376\377\000A\000c\000t\000i\000o\000n\000\040\000m\000e\000t\000h\000o\000d\000s\000\040\000a\000n\000d\000\040\000I\000A\000c\000t\000i\000o\000n\000R\000e\000s\000u\000l\000t}{chapter.6}% 44
\BOOKMARK [1][-]{section.6.3}{\376\377\000M\000o\000d\000e\000l\000\040\000b\000i\000n\000d\000i\000n\000g\000\040\000a\000n\000d\000\040\000v\000a\000l\000i\000d\000a\000t\000i\000o\000n}{chapter.6}% 45
\BOOKMARK [1][-]{section.6.4}{\376\377\000S\000u\000m\000m\000a\000r\000y}{chapter.6}% 46
\BOOKMARK [0][-]{chapter.7}{\376\377\000R\000a\000z\000o\000r\000\040\000V\000i\000e\000w\000s\000\040\000\046\000\040\000t\000h\000e\000\040\000F\000r\000o\000n\000t\000\040\000E\000n\000d}{part*.3}% 47
\BOOKMARK [1][-]{section.7.1}{\376\377\000W\000h\000a\000t\000\040\000R\000a\000z\000o\000r\000\040\000i\000s}{chapter.7}% 48
\BOOKMARK [1][-]{section.7.2}{\376\377\000T\000h\000r\000e\000e\000\040\000f\000i\000l\000e\000s\000\040\000t\000h\000a\000t\000\040\000w\000i\000r\000e\000\040\000u\000p\000\040\000e\000v\000e\000r\000y\000\040\000v\000i\000e\000w}{chapter.7}% 49
\BOOKMARK [1][-]{section.7.3}{\376\377\000T\000h\000e\000\040\000l\000a\000y\000o\000u\000t\000:\000\040\000@\000R\000e\000n\000d\000e\000r\000B\000o\000d\000y\000,\000\040\000s\000e\000c\000t\000i\000o\000n\000s\000,\000\040\000a\000n\000d\000\040\000i\000n\000j\000e\000c\000t\000i\000o\000n}{chapter.7}% 50
\BOOKMARK [1][-]{section.7.4}{\376\377\000T\000a\000g\000\040\000h\000e\000l\000p\000e\000r\000s\000:\000\040\000H\000T\000M\000L\000\040\000t\000h\000a\000t\000\040\000k\000n\000o\000w\000s\000\040\000a\000b\000o\000u\000t\000\040\000y\000o\000u\000r\000\040\000a\000p\000p}{chapter.7}% 51
\BOOKMARK [1][-]{section.7.5}{\376\377\000S\000t\000a\000t\000i\000c\000\040\000a\000s\000s\000e\000t\000s\000\040\000a\000n\000d\000\040\000p\000r\000o\000g\000r\000e\000s\000s\000i\000v\000e\000\040\000e\000n\000h\000a\000n\000c\000e\000m\000e\000n\000t}{chapter.7}% 52
\BOOKMARK [1][-]{section.7.6}{\376\377\000S\000u\000m\000m\000a\000r\000y}{chapter.7}% 53
\BOOKMARK [0][-]{chapter.8}{\376\377\000B\000u\000i\000l\000d\000i\000n\000g\000\040\000a\000\040\000R\000E\000S\000T\000\040\000A\000P\000I}{part*.3}% 54
\BOOKMARK [1][-]{section.8.1}{\376\377\000T\000w\000o\000\040\000f\000r\000o\000n\000t\000\040\000d\000o\000o\000r\000s\000\040\000o\000n\000\040\000o\000n\000e\000\040\000a\000p\000p\000l\000i\000c\000a\000t\000i\000o\000n}{chapter.8}% 55
\BOOKMARK [1][-]{section.8.2}{\376\377\000T\000h\000e\000\040\000A\000P\000I\000\040\000b\000a\000s\000e\000\040\000c\000o\000n\000t\000r\000o\000l\000l\000e\000r}{chapter.8}% 56
\BOOKMARK [1][-]{section.8.3}{\376\377\000A\000\040\000R\000E\000S\000T\000\040\000c\000o\000n\000t\000r\000o\000l\000l\000e\000r\000\040\000e\000n\000d\000\040\000t\000o\000\040\000e\000n\000d}{chapter.8}% 57
\BOOKMARK [1][-]{section.8.4}{\376\377\000S\000u\000m\000m\000a\000r\000y}{chapter.8}% 58
\BOOKMARK [-1][-]{part*.4}{\376\377\000P\000a\000r\000t\000\040\000I\000I\000I\000\040\040\024\000\040\000D\000a\000t\000a\000\040\000\046\000\040\000P\000e\000r\000s\000i\000s\000t\000e\000n\000c\000e}{}% 59
\BOOKMARK [0][-]{chapter.9}{\376\377\000E\000n\000t\000i\000t\000y\000\040\000F\000r\000a\000m\000e\000w\000o\000r\000k\000\040\000C\000o\000r\000e\000\040\000F\000u\000n\000d\000a\000m\000e\000n\000t\000a\000l\000s}{part*.4}% 60
\BOOKMARK [1][-]{section.9.1}{\376\377\000W\000h\000a\000t\000\040\000a\000n\000\040\000O\000R\000M\000\040\000d\000o\000e\000s}{chapter.9}% 61
\BOOKMARK [1][-]{section.9.2}{\376\377\000T\000h\000e\000\040\000D\000b\000C\000o\000n\000t\000e\000x\000t\000:\000\040\000y\000o\000u\000r\000\040\000h\000a\000n\000d\000l\000e\000\040\000t\000o\000\040\000t\000h\000e\000\040\000d\000a\000t\000a\000b\000a\000s\000e}{chapter.9}% 62
\BOOKMARK [1][-]{section.9.3}{\376\377\000Q\000u\000e\000r\000y\000i\000n\000g\000:\000\040\000L\000I\000N\000Q\000\040\000b\000e\000c\000o\000m\000e\000s\000\040\000S\000Q\000L}{chapter.9}% 63
\BOOKMARK [1][-]{section.9.4}{\376\377\000C\000h\000a\000n\000g\000e\000\040\000t\000r\000a\000c\000k\000i\000n\000g\000:\000\040\000t\000h\000e\000\040\000m\000a\000g\000i\000c\000\040\000b\000e\000h\000i\000n\000d\000\040\000s\000a\000v\000i\000n\000g}{chapter.9}% 64
\BOOKMARK [1][-]{section.9.5}{\376\377\000O\000n\000e\000\040\000s\000a\000v\000e\000\040\000i\000s\000\040\000o\000n\000e\000\040\000t\000r\000a\000n\000s\000a\000c\000t\000i\000o\000n}{chapter.9}% 65
\BOOKMARK [1][-]{section.9.6}{\376\377\000S\000u\000m\000m\000a\000r\000y}{chapter.9}% 66
\BOOKMARK [0][-]{chapter.10}{\376\377\000M\000o\000d\000e\000l\000i\000n\000g\000\040\000w\000i\000t\000h\000\040\000t\000h\000e\000\040\000F\000l\000u\000e\000n\000t\000\040\000A\000P\000I}{part*.4}% 67
\BOOKMARK [1][-]{section.10.1}{\376\377\000T\000w\000o\000\040\000w\000a\000y\000s\000\040\000t\000o\000\040\000d\000e\000s\000c\000r\000i\000b\000e\000\040\000t\000h\000e\000\040\000m\000o\000d\000e\000l}{chapter.10}% 68
\BOOKMARK [1][-]{section.10.2}{\376\377\000K\000e\000y\000s\000,\000\040\000c\000o\000l\000u\000m\000n\000s\000,\000\040\000a\000n\000d\000\040\000i\000n\000d\000e\000x\000e\000s}{chapter.10}% 69
\BOOKMARK [1][-]{section.10.3}{\376\377\000R\000e\000l\000a\000t\000i\000o\000n\000s\000h\000i\000p\000s\000\040\000a\000n\000d\000\040\000d\000e\000l\000e\000t\000e\000\040\000b\000e\000h\000a\000v\000i\000o\000u\000r}{chapter.10}% 70
\BOOKMARK [1][-]{section.10.4}{\376\377\000N\000a\000v\000i\000g\000a\000t\000i\000o\000n\000\040\000p\000r\000o\000p\000e\000r\000t\000i\000e\000s\000\040\000v\000s\000\040\000f\000o\000r\000e\000i\000g\000n\000\040\000k\000e\000y\000s}{chapter.10}% 71
\BOOKMARK [1][-]{section.10.5}{\376\377\000T\000w\000o\000\040\000s\000p\000e\000c\000i\000a\000l\000\040\000c\000a\000s\000e\000s\000:\000\040\000c\000o\000n\000c\000u\000r\000r\000e\000n\000c\000y\000\040\000t\000o\000k\000e\000n\000s\000\040\000a\000n\000d\000\040\000i\000g\000n\000o\000r\000e\000d\000\040\000p\000r\000o\000p\000e\000r\000t\000i\000e\000s}{chapter.10}% 72
\BOOKMARK [1][-]{section.10.6}{\376\377\000S\000u\000m\000m\000a\000r\000y}{chapter.10}% 73
\BOOKMARK [0][-]{chapter.11}{\376\377\000M\000i\000g\000r\000a\000t\000i\000o\000n\000s\000\040\000\046\000\040\000t\000h\000e\000\040\000D\000a\000t\000a\000b\000a\000s\000e}{part*.4}% 74
\BOOKMARK [1][-]{section.11.1}{\376\377\000T\000h\000e\000\040\000p\000r\000o\000b\000l\000e\000m\000:\000\040\000k\000e\000e\000p\000i\000n\000g\000\040\000s\000c\000h\000e\000m\000a\000\040\000a\000n\000d\000\040\000c\000o\000d\000e\000\040\000i\000n\000\040\000s\000y\000n\000c}{chapter.11}% 75
\BOOKMARK [1][-]{section.11.2}{\376\377\000T\000h\000e\000\040\000d\000o\000t\000n\000e\000t\000\040\000e\000f\000\040\000w\000o\000r\000k\000f\000l\000o\000w}{chapter.11}% 76
\BOOKMARK [1][-]{section.11.3}{\376\377\000A\000n\000a\000t\000o\000m\000y\000\040\000o\000f\000\040\000a\000\040\000m\000i\000g\000r\000a\000t\000i\000o\000n}{chapter.11}% 77
\BOOKMARK [1][-]{section.11.4}{\376\377\000M\000i\000g\000r\000a\000t\000i\000o\000n\000s\000\040\000t\000h\000a\000t\000\040\000m\000o\000v\000e\000\040\000d\000a\000t\000a\000,\000\040\000n\000o\000t\000\040\000j\000u\000s\000t\000\040\000s\000c\000h\000e\000m\000a}{chapter.11}% 78
\BOOKMARK [1][-]{section.11.5}{\376\377\000T\000h\000e\000\040\000m\000o\000d\000e\000l\000\040\000s\000n\000a\000p\000s\000h\000o\000t}{chapter.11}% 79
\BOOKMARK [1][-]{section.11.6}{\376\377\000R\000u\000n\000n\000i\000n\000g\000\040\000a\000g\000a\000i\000n\000s\000t\000\040\000A\000z\000u\000r\000e\000\040\000S\000Q\000L}{chapter.11}% 80
\BOOKMARK [1][-]{section.11.7}{\376\377\000S\000u\000m\000m\000a\000r\000y}{chapter.11}% 81
\BOOKMARK [-1][-]{part*.5}{\376\377\000P\000a\000r\000t\000\040\000I\000V\000\040\040\024\000\040\000A\000u\000t\000h\000e\000n\000t\000i\000c\000a\000t\000i\000o\000n\000\040\000\046\000\040\000A\000u\000t\000h\000o\000r\000i\000z\000a\000t\000i\000o\000n}{}% 82
\BOOKMARK [0][-]{chapter.12}{\376\377\000A\000S\000P\000.\000N\000E\000T\000\040\000C\000o\000r\000e\000\040\000I\000d\000e\000n\000t\000i\000t\000y}{part*.5}% 83
\BOOKMARK [1][-]{section.12.1}{\376\377\000W\000h\000a\000t\000\040\000I\000d\000e\000n\000t\000i\000t\000y\000\040\000g\000i\000v\000e\000s\000\040\000y\000o\000u}{chapter.12}% 84
\BOOKMARK [1][-]{section.12.2}{\376\377\000A\000S\000P\000.\000N\000E\000T\000\040\000C\000o\000r\000e\000\040\000I\000d\000e\000n\000t\000i\000t\000y\000\040\000i\000s\000\040\000n\000o\000t\000\040\000M\000i\000c\000r\000o\000s\000o\000f\000t\000\040\000E\000n\000t\000r\000a\000\040\000I\000D}{chapter.12}% 85
\BOOKMARK [1][-]{section.12.3}{\376\377\000T\000h\000e\000\040\000u\000s\000e\000r\000\040\000e\000n\000t\000i\000t\000y}{chapter.12}% 86
\BOOKMARK [1][-]{section.12.4}{\376\377\000R\000e\000g\000i\000s\000t\000e\000r\000i\000n\000g\000\040\000I\000d\000e\000n\000t\000i\000t\000y}{chapter.12}% 87
\BOOKMARK [1][-]{section.12.5}{\376\377\000T\000h\000e\000\040\000t\000w\000o\000\040\000m\000a\000n\000a\000g\000e\000r\000s}{chapter.12}% 88
\BOOKMARK [1][-]{section.12.6}{\376\377\000R\000e\000g\000i\000s\000t\000r\000a\000t\000i\000o\000n\000\040\000a\000n\000d\000\040\000s\000i\000g\000n\000-\000i\000n}{chapter.12}% 89
\BOOKMARK [1][-]{section.12.7}{\376\377\000T\000h\000e\000\040\000I\000d\000e\000n\000t\000i\000t\000y\000\040\000U\000I\000\040\000R\000a\000z\000o\000r\000\040\000P\000a\000g\000e\000s}{chapter.12}% 90
\BOOKMARK [1][-]{section.12.8}{\376\377\000S\000u\000m\000m\000a\000r\000y}{chapter.12}% 91
\BOOKMARK [0][-]{chapter.13}{\376\377\000A\000u\000t\000h\000o\000r\000i\000z\000a\000t\000i\000o\000n\000,\000\040\000C\000l\000a\000i\000m\000s\000\040\000\046\000\040\000E\000x\000t\000e\000r\000n\000a\000l\000\040\000L\000o\000g\000i\000n}{part*.5}% 92
\BOOKMARK [1][-]{section.13.1}{\376\377\000S\000e\000c\000u\000r\000e\000\040\000b\000y\000\040\000d\000e\000f\000a\000u\000l\000t\000:\000\040\000t\000h\000e\000\040\000f\000a\000l\000l\000b\000a\000c\000k\000\040\000p\000o\000l\000i\000c\000y}{chapter.13}% 93
\BOOKMARK [1][-]{section.13.2}{\376\377\000C\000l\000a\000i\000m\000s\000:\000\040\000h\000o\000w\000\040\000i\000d\000e\000n\000t\000i\000t\000y\000\040\000c\000a\000r\000r\000i\000e\000s\000\040\000d\000a\000t\000a}{chapter.13}% 94
\BOOKMARK [1][-]{section.13.3}{\376\377\000C\000u\000s\000t\000o\000m\000\040\000p\000o\000l\000i\000c\000i\000e\000s\000\040\000a\000n\000d\000\040\000t\000h\000e\000\040\000[\000A\000u\000t\000h\000o\000r\000i\000z\000e\000]\000\040\000a\000t\000t\000r\000i\000b\000u\000t\000e}{chapter.13}% 95
\BOOKMARK [1][-]{section.13.4}{\376\377\000E\000x\000t\000e\000r\000n\000a\000l\000\040\000l\000o\000g\000i\000n\000\040\000\050\000w\000e\000b\000\051\000:\000\040\000G\000o\000o\000g\000l\000e\000\040\000a\000n\000d\000\040\000M\000i\000c\000r\000o\000s\000o\000f\000t}{chapter.13}% 96
\BOOKMARK [1][-]{section.13.5}{\376\377\000B\000e\000a\000r\000e\000r\000\040\000t\000o\000k\000e\000n\000s\000\040\000\050\000m\000o\000b\000i\000l\000e\000\051\000:\000\040\000a\000\040\000s\000t\000a\000t\000e\000l\000e\000s\000s\000\040\000a\000l\000t\000e\000r\000n\000a\000t\000i\000v\000e}{chapter.13}% 97
\BOOKMARK [1][-]{section.13.6}{\376\377\000S\000u\000m\000m\000a\000r\000y}{chapter.13}% 98
\BOOKMARK [-1][-]{part*.6}{\376\377\000P\000a\000r\000t\000\040\000V\000\040\040\024\000\040\000T\000h\000e\000\040\000D\000o\000m\000a\000i\000n\000\040\000\046\000\040\000S\000e\000r\000v\000i\000c\000e\000s}{}% 99
\BOOKMARK [0][-]{chapter.14}{\376\377\000T\000h\000e\000\040\000S\000e\000r\000v\000i\000c\000e\000\040\000L\000a\000y\000e\000r\000\040\000P\000a\000t\000t\000e\000r\000n}{part*.6}% 100
\BOOKMARK [1][-]{section.14.1}{\376\377\000W\000h\000y\000\040\000a\000\040\000s\000e\000r\000v\000i\000c\000e\000\040\000l\000a\000y\000e\000r\000\040\000a\000t\000\040\000a\000l\000l}{chapter.14}% 101
\BOOKMARK [1][-]{section.14.2}{\376\377\000A\000n\000a\000t\000o\000m\000y\000\040\000o\000f\000\040\000a\000\040\000s\000e\000r\000v\000i\000c\000e}{chapter.14}% 102
\BOOKMARK [1][-]{section.14.3}{\376\377\000L\000o\000g\000i\000c\000\040\000t\000h\000a\000t\000\040\000e\000a\000r\000n\000s\000\040\000i\000t\000s\000\040\000p\000l\000a\000c\000e}{chapter.14}% 103
\BOOKMARK [1][-]{section.14.4}{\376\377\000C\000u\000s\000t\000o\000m\000\040\000e\000x\000c\000e\000p\000t\000i\000o\000n\000s\000\040\000a\000s\000\040\000d\000o\000m\000a\000i\000n\000\040\000v\000o\000c\000a\000b\000u\000l\000a\000r\000y}{chapter.14}% 104
\BOOKMARK [1][-]{section.14.5}{\376\377\000T\000w\000o\000\040\000k\000i\000n\000d\000s\000\040\000o\000f\000\040\000s\000e\000r\000v\000i\000c\000e\000:\000\040\000d\000u\000r\000a\000b\000l\000e\000\040\000v\000s\000\040\000e\000p\000h\000e\000m\000e\000r\000a\000l\000\040\000s\000t\000a\000t\000e}{chapter.14}% 105
\BOOKMARK [1][-]{section.14.6}{\376\377\000S\000u\000m\000m\000a\000r\000y}{chapter.14}% 106
\BOOKMARK [0][-]{chapter.15}{\376\377\000C\000r\000o\000s\000s\000-\000C\000u\000t\000t\000i\000n\000g\000\040\000S\000e\000r\000v\000i\000c\000e\000s\000:\000\040\000L\000a\000n\000g\000u\000a\000g\000e\000,\000\040\000C\000a\000c\000h\000i\000n\000g\000,\000\040\000S\000t\000o\000r\000a\000g\000e\000\040\000\046\000\040\000S\000p\000e\000e\000c\000h}{part*.6}% 107
\BOOKMARK [1][-]{section.15.1}{\376\377\000P\000e\000r\000-\000r\000e\000q\000u\000e\000s\000t\000\040\000s\000t\000a\000t\000e\000:\000\040\000t\000h\000e\000\040\000l\000a\000n\000g\000u\000a\000g\000e\000\040\000c\000o\000n\000t\000e\000x\000t}{chapter.15}% 108
\BOOKMARK [1][-]{section.15.2}{\376\377\000I\000n\000-\000m\000e\000m\000o\000r\000y\000\040\000c\000a\000c\000h\000i\000n\000g}{chapter.15}% 109
\BOOKMARK [1][-]{section.15.3}{\376\377\000A\000b\000s\000t\000r\000a\000c\000t\000i\000n\000g\000\040\000a\000\040\000c\000l\000o\000u\000d\000\040\000s\000e\000r\000v\000i\000c\000e\000:\000\040\000b\000l\000o\000b\000\040\000s\000t\000o\000r\000a\000g\000e}{chapter.15}% 110
\BOOKMARK [1][-]{section.15.4}{\376\377\000W\000r\000a\000p\000p\000i\000n\000g\000\040\000a\000\040\000l\000i\000b\000r\000a\000r\000y\000:\000\040\000P\000D\000F\000\040\000t\000e\000x\000t\000\040\000e\000x\000t\000r\000a\000c\000t\000i\000o\000n}{chapter.15}% 111
\BOOKMARK [1][-]{section.15.5}{\376\377\000P\000r\000o\000n\000u\000n\000c\000i\000a\000t\000i\000o\000n\000:\000\040\000A\000z\000u\000r\000e\000\040\000S\000p\000e\000e\000c\000h\000\040\000w\000i\000t\000h\000\040\000a\000\040\000b\000r\000o\000w\000s\000e\000r\000\040\000f\000a\000l\000l\000b\000a\000c\000k}{chapter.15}% 112
\BOOKMARK [1][-]{section.15.6}{\376\377\000S\000p\000e\000a\000k\000i\000n\000g\000\040\000p\000r\000a\000c\000t\000i\000c\000e\000:\000\040\000b\000i\000n\000d\000i\000n\000g\000\040\000l\000a\000n\000g\000u\000a\000g\000e\000,\000\040\000a\000g\000e\000n\000t\000,\000\040\000a\000n\000d\000\040\000v\000o\000i\000c\000e}{chapter.15}% 113
\BOOKMARK [2][-]{subsection.15.6.1}{\376\377\000E\000x\000a\000c\000t\000\040\000p\000r\000o\000m\000p\000t\000-\000a\000g\000e\000n\000t\000\040\000v\000e\000r\000s\000i\000o\000n\000s}{section.15.6}% 114
\BOOKMARK [2][-]{subsection.15.6.2}{\376\377\000T\000r\000u\000s\000t\000e\000d\000\040\000c\000o\000n\000t\000e\000x\000t\000,\000\040\000s\000e\000s\000s\000i\000o\000n\000s\000,\000\040\000a\000n\000d\000\040\000c\000o\000s\000t}{section.15.6}% 115
\BOOKMARK [2][-]{subsection.15.6.3}{\376\377\000S\000p\000e\000e\000c\000h\000\040\000s\000t\000a\000y\000s\000\040\000a\000l\000i\000g\000n\000e\000d\000\040\000w\000i\000t\000h\000\040\000t\000h\000e\000\040\000a\000v\000a\000t\000a\000r}{section.15.6}% 116
\BOOKMARK [1][-]{section.15.7}{\376\377\000S\000u\000m\000m\000a\000r\000y}{chapter.15}% 117
\BOOKMARK [0][-]{chapter.16}{\376\377\000C\000u\000s\000t\000o\000m\000\040\000Q\000u\000i\000z\000z\000e\000s\000:\000\040\000D\000o\000c\000u\000m\000e\000n\000t\000s\000,\000\040\000D\000e\000s\000i\000g\000n\000\040\000\046\000\040\000G\000r\000a\000d\000i\000n\000g}{part*.6}% 118
\BOOKMARK [1][-]{section.16.1}{\376\377\000A\000\040\000c\000u\000s\000t\000o\000m\000\040\000e\000x\000e\000r\000c\000i\000s\000e\000\040\000o\000n\000\040\000t\000o\000p\000\040\000o\000f\000\040\000a\000\040\000v\000o\000c\000a\000b\000u\000l\000a\000r\000y\000\040\000q\000u\000i\000z}{chapter.16}% 119
\BOOKMARK [1][-]{section.16.2}{\376\377\000T\000h\000e\000\040\000V\0001\000\040\000d\000o\000c\000u\000m\000e\000n\000t\000\040\000a\000n\000d\000\040\000i\000t\000s\000\040\000i\000n\000v\000a\000r\000i\000a\000n\000t\000s}{chapter.16}% 120
\BOOKMARK [1][-]{section.16.3}{\376\377\000T\000h\000e\000\040\000e\000d\000i\000t\000o\000r\000,\000\040\000r\000o\000u\000t\000e\000s\000,\000\040\000a\000n\000d\000\040\000o\000p\000t\000i\000m\000i\000s\000t\000i\000c\000\040\000c\000o\000n\000c\000u\000r\000r\000e\000n\000c\000y}{chapter.16}% 121
\BOOKMARK [1][-]{section.16.4}{\376\377\000S\000e\000r\000v\000e\000r\000-\000s\000i\000d\000e\000\040\000g\000r\000a\000d\000i\000n\000g\000\040\000a\000n\000d\000\040\000a\000t\000t\000e\000m\000p\000t\000\040\000h\000i\000s\000t\000o\000r\000y}{chapter.16}% 122
\BOOKMARK [1][-]{section.16.5}{\376\377\000A\000s\000s\000i\000s\000t\000a\000n\000t\000\040\000i\000n\000t\000e\000g\000r\000a\000t\000i\000o\000n}{chapter.16}% 123
\BOOKMARK [1][-]{section.16.6}{\376\377\000S\000u\000m\000m\000a\000r\000y}{chapter.16}% 124
\BOOKMARK [0][-]{chapter.17}{\376\377\000C\000l\000a\000s\000s\000r\000o\000o\000m\000s\000:\000\040\000M\000e\000m\000b\000e\000r\000s\000h\000i\000p\000,\000\040\000R\000e\000a\000l\000-\000T\000i\000m\000e\000\040\000C\000h\000a\000t\000\040\000\046\000\040\000V\000i\000d\000e\000o\000\040\000C\000a\000l\000l\000s}{part*.6}% 125
\BOOKMARK [1][-]{section.17.1}{\376\377\000W\000h\000a\000t\000\040\000t\000h\000e\000\040\000f\000e\000a\000t\000u\000r\000e\000\040\000i\000s}{chapter.17}% 126
\BOOKMARK [1][-]{section.17.2}{\376\377\000T\000h\000e\000\040\000d\000a\000t\000a\000\040\000m\000o\000d\000e\000l\000:\000\040\000r\000o\000l\000e\000s\000,\000\040\000m\000e\000m\000b\000e\000r\000s\000h\000i\000p\000,\000\040\000a\000n\000d\000\040\000t\000w\000o\000\040\000w\000a\000y\000s\000\040\000i\000n}{chapter.17}% 127
\BOOKMARK [1][-]{section.17.3}{\376\377\000R\000e\000a\000l\000-\000t\000i\000m\000e\000\040\000c\000h\000a\000t\000:\000\040\000t\000h\000e\000\040\000S\000i\000g\000n\000a\000l\000R\000\040\000h\000u\000b}{chapter.17}% 128
\BOOKMARK [1][-]{section.17.4}{\376\377\000V\000i\000d\000e\000o\000\040\000c\000a\000l\000l\000s\000:\000\040\000A\000z\000u\000r\000e\000\040\000C\000o\000m\000m\000u\000n\000i\000c\000a\000t\000i\000o\000n\000\040\000S\000e\000r\000v\000i\000c\000e\000s}{chapter.17}% 129
\BOOKMARK [1][-]{section.17.5}{\376\377\000S\000u\000m\000m\000a\000r\000y}{chapter.17}% 130
\BOOKMARK [-1][-]{part*.7}{\376\377\000P\000a\000r\000t\000\040\000V\000I\000\040\040\024\000\040\000A\000I\000\040\000I\000n\000t\000e\000g\000r\000a\000t\000i\000o\000n}{}% 131
\BOOKMARK [0][-]{chapter.18}{\376\377\000T\000a\000l\000k\000i\000n\000g\000\040\000t\000o\000\040\000a\000n\000\040\000L\000L\000M}{part*.7}% 132
\BOOKMARK [1][-]{section.18.1}{\376\377\000O\000n\000e\000\040\000a\000p\000p\000l\000i\000c\000a\000t\000i\000o\000n\000,\000\040\000s\000e\000v\000e\000r\000a\000l\000\040\000A\000I\000\040\000w\000o\000r\000k\000l\000o\000a\000d\000s}{chapter.18}% 133
\BOOKMARK [1][-]{section.18.2}{\376\377\000H\000o\000w\000\040\000a\000\040\000l\000a\000n\000g\000u\000a\000g\000e\000\040\000m\000o\000d\000e\000l\000\040\000p\000r\000o\000d\000u\000c\000e\000s\000\040\000a\000\040\000r\000e\000p\000l\000y}{chapter.18}% 134
\BOOKMARK [1][-]{section.18.3}{\376\377\000O\000n\000e\000\040\000n\000e\000u\000t\000r\000a\000l\000\040\000i\000n\000t\000e\000r\000f\000a\000c\000e\000,\000\040\000t\000h\000r\000e\000e\000\040\000k\000i\000n\000d\000s\000\040\000o\000f\000\040\000c\000a\000l\000l}{chapter.18}% 135
\BOOKMARK [1][-]{section.18.4}{\376\377\000T\000h\000e\000\040\000F\000o\000u\000n\000d\000r\000y\000\040\000p\000r\000o\000j\000e\000c\000t\000\040\000i\000s\000\040\000t\000h\000e\000\040\000s\000e\000r\000v\000i\000c\000e\000\040\000b\000o\000u\000n\000d\000a\000r\000y}{chapter.18}% 136
\BOOKMARK [1][-]{section.18.5}{\376\377\000P\000r\000o\000m\000p\000t\000\040\000d\000e\000s\000i\000g\000n\000\040\000i\000s\000\040\000a\000p\000p\000l\000i\000c\000a\000t\000i\000o\000n\000\040\000d\000e\000s\000i\000g\000n}{chapter.18}% 137
\BOOKMARK [1][-]{section.18.6}{\376\377\000S\000t\000r\000u\000c\000t\000u\000r\000e\000d\000\040\000o\000u\000t\000p\000u\000t\000\040\000a\000n\000d\000\040\000m\000u\000l\000t\000i\000m\000o\000d\000a\000l\000\040\000i\000n\000p\000u\000t}{chapter.18}% 138
\BOOKMARK [1][-]{section.18.7}{\376\377\000S\000e\000l\000e\000c\000t\000a\000b\000l\000e\000\040\000d\000e\000p\000l\000o\000y\000m\000e\000n\000t\000s}{chapter.18}% 139
\BOOKMARK [1][-]{section.18.8}{\376\377\000S\000u\000m\000m\000a\000r\000y}{chapter.18}% 140
\BOOKMARK [0][-]{chapter.19}{\376\377\000T\000h\000e\000\040\000A\000s\000s\000i\000s\000t\000a\000n\000t\000\040\000O\000r\000c\000h\000e\000s\000t\000r\000a\000t\000o\000r\000\040\000\046\000\040\000T\000o\000o\000l\000-\000C\000a\000l\000l\000i\000n\000g}{part*.7}% 141
\BOOKMARK [1][-]{section.19.1}{\376\377\000W\000h\000a\000t\000\040\000`\000`\000a\000g\000e\000n\000t\000i\000c\000'\000'\000\040\000m\000e\000a\000n\000s\000\040\000h\000e\000r\000e}{chapter.19}% 142
\BOOKMARK [1][-]{section.19.2}{\376\377\000W\000h\000e\000r\000e\000\040\000t\000h\000e\000\040\000a\000g\000e\000n\000t\000\040\000r\000u\000n\000t\000i\000m\000e\000\040\000l\000i\000v\000e\000s}{chapter.19}% 143
\BOOKMARK [1][-]{section.19.3}{\376\377\000T\000o\000o\000l\000s\000:\000\040\000d\000e\000c\000l\000a\000r\000a\000t\000i\000o\000n\000s\000\040\000t\000h\000e\000\040\000m\000o\000d\000e\000l\000\040\000c\000a\000n\000\040\000c\000a\000l\000l}{chapter.19}% 144
\BOOKMARK [1][-]{section.19.4}{\376\377\000T\000h\000e\000\040\000a\000g\000e\000n\000t\000i\000c\000\040\000l\000o\000o\000p}{chapter.19}% 145
\BOOKMARK [1][-]{section.19.5}{\376\377\000H\000u\000m\000a\000n\000-\000i\000n\000-\000t\000h\000e\000-\000l\000o\000o\000p\000:\000\040\000p\000r\000o\000p\000o\000s\000i\000n\000g\000\040\000c\000h\000a\000n\000g\000e\000s\000,\000\040\000n\000o\000t\000\040\000m\000a\000k\000i\000n\000g\000\040\000t\000h\000e\000m}{chapter.19}% 146
\BOOKMARK [1][-]{section.19.6}{\376\377\000S\000u\000m\000m\000a\000r\000y}{chapter.19}% 147
\BOOKMARK [0][-]{chapter.20}{\376\377\000T\000h\000e\000\040\000A\000I\000\040\000C\000r\000e\000d\000i\000t\000\040\000S\000y\000s\000t\000e\000m}{part*.7}% 148
\BOOKMARK [1][-]{section.20.1}{\376\377\000W\000h\000y\000\040\000m\000e\000t\000e\000r\000\040\000a\000t\000\040\000a\000l\000l}{chapter.20}% 149
\BOOKMARK [1][-]{section.20.2}{\376\377\000T\000h\000e\000\040\000a\000c\000c\000o\000u\000n\000t\000\040\000a\000n\000d\000\040\000t\000h\000e\000\040\000l\000e\000d\000g\000e\000r}{chapter.20}% 150
\BOOKMARK [1][-]{section.20.3}{\376\377\000R\000e\000s\000e\000r\000v\000e\000,\000\040\000t\000h\000e\000n\000\040\000c\000o\000m\000m\000i\000t\000\040\000o\000r\000\040\000r\000e\000l\000e\000a\000s\000e}{chapter.20}% 151
\BOOKMARK [1][-]{section.20.4}{\376\377\000W\000h\000y\000\040\000r\000e\000s\000e\000r\000v\000a\000t\000i\000o\000n\000\040\000b\000e\000a\000t\000s\000\040\000`\000`\000j\000u\000s\000t\000\040\000s\000u\000b\000t\000r\000a\000c\000t\000\040\000a\000f\000t\000e\000r\000'\000'}{chapter.20}% 152
\BOOKMARK [1][-]{section.20.5}{\376\377\000A\000d\000m\000i\000n\000i\000s\000t\000r\000a\000t\000i\000o\000n\000\040\000a\000n\000d\000\040\000t\000r\000i\000a\000l\000s}{chapter.20}% 153
\BOOKMARK [1][-]{section.20.6}{\376\377\000T\000h\000e\000\040\000s\000h\000a\000r\000e\000d\000\040\000m\000o\000n\000t\000h\000l\000y\000\040\000m\000o\000n\000e\000t\000a\000r\000y\000\040\000b\000u\000d\000g\000e\000t}{chapter.20}% 154
\BOOKMARK [1][-]{section.20.7}{\376\377\000A\000p\000p\000l\000i\000c\000a\000t\000i\000o\000n\000\040\000a\000c\000c\000o\000u\000n\000t\000i\000n\000g\000\040\000i\000s\000\040\000n\000o\000t\000\040\000t\000h\000e\000\040\000A\000z\000u\000r\000e\000\040\000b\000i\000l\000l}{chapter.20}% 155
\BOOKMARK [1][-]{section.20.8}{\376\377\000S\000u\000m\000m\000a\000r\000y}{chapter.20}% 156
\BOOKMARK [-1][-]{part*.8}{\376\377\000P\000a\000r\000t\000\040\000V\000I\000I\000\040\040\024\000\040\000Q\000u\000a\000l\000i\000t\000y\000\040\000\046\000\040\000O\000p\000e\000r\000a\000t\000i\000o\000n\000s}{}% 157
\BOOKMARK [0][-]{chapter.21}{\376\377\000T\000e\000s\000t\000i\000n\000g\000\040\000w\000i\000t\000h\000\040\000x\000U\000n\000i\000t}{part*.8}% 158
\BOOKMARK [1][-]{section.21.1}{\376\377\000T\000h\000e\000\040\000t\000e\000s\000t\000\040\000p\000r\000o\000j\000e\000c\000t}{chapter.21}% 159
\BOOKMARK [1][-]{section.21.2}{\376\377\000x\000U\000n\000i\000t\000\040\000b\000a\000s\000i\000c\000s\000:\000\040\000f\000a\000c\000t\000s\000\040\000a\000n\000d\000\040\000t\000h\000e\000o\000r\000i\000e\000s}{chapter.21}% 160
\BOOKMARK [1][-]{section.21.3}{\376\377\000U\000n\000i\000t\000-\000t\000e\000s\000t\000i\000n\000g\000\040\000a\000\040\000s\000e\000r\000v\000i\000c\000e\000\040\000w\000i\000t\000h\000\040\000s\000t\000u\000b\000s}{chapter.21}% 161
\BOOKMARK [1][-]{section.21.4}{\376\377\000T\000e\000s\000t\000i\000n\000g\000\040\000d\000a\000t\000a\000\040\000a\000c\000c\000e\000s\000s\000\040\000w\000i\000t\000h\000\040\000t\000h\000e\000\040\000i\000n\000-\000m\000e\000m\000o\000r\000y\000\040\000p\000r\000o\000v\000i\000d\000e\000r}{chapter.21}% 162
\BOOKMARK [1][-]{section.21.5}{\376\377\000I\000n\000t\000e\000g\000r\000a\000t\000i\000o\000n\000\040\000t\000e\000s\000t\000s\000:\000\040\000h\000o\000s\000t\000i\000n\000g\000\040\000t\000h\000e\000\040\000w\000h\000o\000l\000e\000\040\000a\000p\000p}{chapter.21}% 163
\BOOKMARK [1][-]{section.21.6}{\376\377\000S\000u\000m\000m\000a\000r\000y}{chapter.21}% 164
\BOOKMARK [0][-]{chapter.22}{\376\377\000C\000o\000n\000f\000i\000g\000u\000r\000a\000t\000i\000o\000n\000,\000\040\000S\000e\000c\000r\000e\000t\000s\000\040\000\046\000\040\000D\000e\000p\000l\000o\000y\000m\000e\000n\000t}{part*.8}% 165
\BOOKMARK [1][-]{section.22.1}{\376\377\000T\000h\000e\000\040\000c\000o\000n\000f\000i\000g\000u\000r\000a\000t\000i\000o\000n\000\040\000l\000a\000y\000e\000r\000s\000,\000\040\000r\000e\000v\000i\000s\000i\000t\000e\000d}{chapter.22}% 166
\BOOKMARK [1][-]{section.22.2}{\376\377\000S\000e\000c\000r\000e\000t\000s\000\040\000s\000t\000a\000y\000\040\000o\000u\000t\000\040\000o\000f\000\040\000t\000h\000e\000\040\000r\000e\000p\000o\000s\000i\000t\000o\000r\000y}{chapter.22}% 167
\BOOKMARK [1][-]{section.22.3}{\376\377\000W\000h\000e\000r\000e\000\040\000A\000z\000u\000r\000e\000\040\000r\000e\000s\000o\000u\000r\000c\000e\000s\000\040\000l\000i\000v\000e}{chapter.22}% 168
\BOOKMARK [1][-]{section.22.4}{\376\377\000T\000h\000e\000\040\000m\000a\000n\000a\000g\000e\000m\000e\000n\000t\000\040\000h\000i\000e\000r\000a\000r\000c\000h\000y\000\040\000a\000n\000d\000\040\000a\000\040\000r\000e\000s\000o\000u\000r\000c\000e\000\040\000I\000D}{chapter.22}% 169
\BOOKMARK [1][-]{section.22.5}{\376\377\000R\000e\000s\000o\000u\000r\000c\000e\000\040\000M\000a\000n\000a\000g\000e\000r\000,\000\040\000d\000e\000p\000l\000o\000y\000m\000e\000n\000t\000\040\000t\000o\000o\000l\000s\000,\000\040\000a\000n\000d\000\040\000g\000u\000a\000r\000d\000r\000a\000i\000l\000s}{chapter.22}% 170
\BOOKMARK [1][-]{section.22.6}{\376\377\000P\000u\000b\000l\000i\000c\000\040\000a\000n\000d\000\040\000p\000r\000i\000v\000a\000t\000e\000\040\000s\000e\000r\000v\000i\000c\000e\000\040\000c\000o\000n\000n\000e\000c\000t\000i\000v\000i\000t\000y}{chapter.22}% 171
\BOOKMARK [1][-]{section.22.7}{\376\377\000D\000a\000t\000a\000b\000a\000s\000e\000\040\000a\000n\000d\000\040\000A\000z\000u\000r\000e\000\040\000i\000d\000e\000n\000t\000i\000t\000y\000\040\000a\000t\000\040\000d\000e\000p\000l\000o\000y\000\040\000t\000i\000m\000e}{chapter.22}% 172
\BOOKMARK [1][-]{section.22.8}{\376\377\000S\000u\000m\000m\000a\000r\000y}{chapter.22}% 173
\BOOKMARK [0][-]{chapter.23}{\376\377\000S\000e\000c\000u\000r\000i\000t\000y\000:\000\040\000R\000e\000a\000d\000i\000n\000g\000\040\000t\000h\000e\000\040\000C\000o\000d\000e\000\040\000L\000i\000k\000e\000\040\000a\000n\000\040\000A\000t\000t\000a\000c\000k\000e\000r}{part*.8}% 174
\BOOKMARK [1][-]{section.23.1}{\376\377\000T\000r\000u\000s\000t\000\040\000b\000o\000u\000n\000d\000a\000r\000i\000e\000s\000:\000\040\000w\000h\000a\000t\000\040\000a\000n\000\040\000a\000t\000t\000a\000c\000k\000e\000r\000\040\000c\000o\000n\000t\000r\000o\000l\000s}{chapter.23}% 175
\BOOKMARK [1][-]{section.23.2}{\376\377\000Z\000e\000r\000o\000\040\000T\000r\000u\000s\000t\000\040\000a\000n\000d\000\040\000d\000e\000f\000e\000n\000c\000e\000\040\000i\000n\000\040\000d\000e\000p\000t\000h}{chapter.23}% 176
\BOOKMARK [1][-]{section.23.3}{\376\377\000D\000e\000n\000y\000\040\000b\000y\000\040\000d\000e\000f\000a\000u\000l\000t\000:\000\040\000t\000h\000e\000\040\000f\000a\000l\000l\000b\000a\000c\000k\000\040\000p\000o\000l\000i\000c\000y\000,\000\040\000r\000e\000v\000i\000s\000i\000t\000e\000d}{chapter.23}% 177
\BOOKMARK [1][-]{section.23.4}{\376\377\000O\000w\000n\000e\000r\000s\000h\000i\000p\000\040\000c\000h\000e\000c\000k\000s\000:\000\040\000t\000h\000e\000\040\000d\000e\000f\000e\000n\000c\000e\000\040\000a\000g\000a\000i\000n\000s\000t\000\040\000I\000D\000O\000R}{chapter.23}% 178
\BOOKMARK [1][-]{section.23.5}{\376\377\000O\000v\000e\000r\000-\000p\000o\000s\000t\000i\000n\000g\000:\000\040\000w\000h\000y\000\040\000r\000e\000q\000u\000e\000s\000t\000\040\000m\000o\000d\000e\000l\000s\000\040\000h\000a\000v\000e\000\040\000f\000e\000w\000\040\000p\000r\000o\000p\000e\000r\000t\000i\000e\000s}{chapter.23}% 179
\BOOKMARK [1][-]{section.23.6}{\376\377\000I\000n\000j\000e\000c\000t\000i\000o\000n\000:\000\040\000S\000Q\000L\000\040\000t\000h\000a\000t\000\040\000c\000a\000n\000n\000o\000t\000\040\000b\000e\000\040\000e\000d\000i\000t\000e\000d\000\040\000b\000y\000\040\000d\000a\000t\000a}{chapter.23}% 180
\BOOKMARK [1][-]{section.23.7}{\376\377\000C\000r\000o\000s\000s\000-\000s\000i\000t\000e\000\040\000s\000c\000r\000i\000p\000t\000i\000n\000g\000:\000\040\000e\000n\000c\000o\000d\000i\000n\000g\000\040\000a\000t\000\040\000e\000v\000e\000r\000y\000\040\000e\000x\000i\000t}{chapter.23}% 181
\BOOKMARK [1][-]{section.23.8}{\376\377\000C\000r\000o\000s\000s\000-\000s\000i\000t\000e\000\040\000r\000e\000q\000u\000e\000s\000t\000\040\000f\000o\000r\000g\000e\000r\000y\000:\000\040\000t\000h\000e\000\040\000t\000o\000k\000e\000n\000,\000\040\000a\000n\000d\000\040\000t\000h\000e\000\040\000A\000P\000I\000\040\000e\000x\000e\000m\000p\000t\000i\000o\000n}{chapter.23}% 182
\BOOKMARK [1][-]{section.23.9}{\376\377\000T\000r\000a\000n\000s\000p\000o\000r\000t\000,\000\040\000s\000e\000c\000r\000e\000t\000s\000,\000\040\000a\000n\000d\000\040\000u\000p\000l\000o\000a\000d\000s\000:\000\040\000t\000h\000e\000\040\000r\000e\000m\000a\000i\000n\000i\000n\000g\000\040\000e\000d\000g\000e\000s}{chapter.23}% 183
\BOOKMARK [1][-]{section.23.10}{\376\377\000T\000h\000e\000\040\000A\000I\000\040\000b\000o\000u\000n\000d\000a\000r\000y\000:\000\040\000p\000r\000o\000m\000p\000t\000\040\000i\000n\000j\000e\000c\000t\000i\000o\000n\000\040\000a\000n\000d\000\040\000t\000h\000e\000\040\000u\000n\000t\000r\000u\000s\000t\000e\000d\000\040\000m\000o\000d\000e\000l}{chapter.23}% 184
\BOOKMARK [1][-]{section.23.11}{\376\377\000R\000e\000s\000p\000o\000n\000s\000i\000b\000l\000e\000\040\000A\000I\000\040\000t\000u\000r\000n\000s\000\040\000p\000r\000i\000n\000c\000i\000p\000l\000e\000s\000\040\000i\000n\000t\000o\000\040\000c\000o\000n\000t\000r\000o\000l\000s}{chapter.23}% 185
\BOOKMARK [1][-]{section.23.12}{\376\377\000T\000h\000e\000\040\000h\000a\000r\000d\000e\000n\000i\000n\000g\000\040\000l\000a\000y\000e\000r\000:\000\040\000r\000a\000t\000e\000\040\000l\000i\000m\000i\000t\000s\000,\000\040\000h\000e\000a\000d\000e\000r\000s\000,\000\040\000a\000n\000d\000\040\000a\000c\000c\000o\000u\000n\000t\000\040\000p\000o\000l\000i\000c\000y}{chapter.23}% 186
\BOOKMARK [1][-]{section.23.13}{\376\377\000H\000o\000n\000e\000s\000t\000\040\000g\000a\000p\000s\000:\000\040\000w\000h\000a\000t\000\040\000a\000\040\000f\000u\000r\000t\000h\000e\000r\000\040\000p\000a\000s\000s\000\040\000w\000o\000u\000l\000d\000\040\000a\000d\000d}{chapter.23}% 187
\BOOKMARK [1][-]{section.23.14}{\376\377\000S\000u\000m\000m\000a\000r\000y}{chapter.23}% 188
\BOOKMARK [0][-]{chapter.24}{\376\377\000P\000u\000t\000t\000i\000n\000g\000\040\000I\000t\000\040\000T\000o\000g\000e\000t\000h\000e\000r\000:\000\040\000T\000r\000a\000c\000i\000n\000g\000\040\000a\000\040\000F\000u\000l\000l\000\040\000R\000e\000q\000u\000e\000s\000t}{part*.8}% 189
\BOOKMARK [1][-]{section.24.1}{\376\377\000T\000h\000e\000\040\000s\000e\000t\000u\000p}{chapter.24}% 190
\BOOKMARK [1][-]{section.24.2}{\376\377\000T\000h\000r\000o\000u\000g\000h\000\040\000t\000h\000e\000\040\000p\000i\000p\000e\000l\000i\000n\000e\000\040\000a\000n\000d\000\040\000i\000n\000t\000o\000\040\000t\000h\000e\000\040\000c\000o\000n\000t\000r\000o\000l\000l\000e\000r}{chapter.24}% 191
\BOOKMARK [1][-]{section.24.3}{\376\377\000T\000h\000e\000\040\000o\000r\000c\000h\000e\000s\000t\000r\000a\000t\000o\000r\000\040\000r\000u\000n\000s\000\040\000t\000h\000e\000\040\000a\000g\000e\000n\000t\000i\000c\000\040\000l\000o\000o\000p}{chapter.24}% 192
\BOOKMARK [1][-]{section.24.4}{\376\377\000T\000h\000e\000\040\000r\000e\000s\000p\000o\000n\000s\000e\000,\000\040\000a\000n\000d\000\040\000t\000h\000e\000\040\000h\000u\000m\000a\000n\000\040\000i\000n\000\040\000t\000h\000e\000\040\000l\000o\000o\000p}{chapter.24}% 193
\BOOKMARK [1][-]{section.24.5}{\376\377\000W\000h\000a\000t\000\040\000t\000h\000e\000\040\000t\000r\000a\000c\000e\000\040\000s\000h\000o\000w\000s}{chapter.24}% 194
\BOOKMARK [1][-]{section.24.5}{\376\377\000A\000f\000t\000e\000r\000w\000o\000r\000d}{chapter.24}% 195
\BOOKMARK [-1][-]{part*.9}{\376\377\000P\000a\000r\000t\000\040\000V\000I\000I\000I\000\040\040\024\000\040\000B\000e\000y\000o\000n\000d\000\040\000t\000h\000e\000\040\000C\000u\000r\000r\000e\000n\000t\000\040\000C\000o\000d\000e\000b\000a\000s\000e}{}% 196
\BOOKMARK [0][-]{chapter.25}{\376\377\000B\000a\000c\000k\000g\000r\000o\000u\000n\000d\000\040\000W\000o\000r\000k}{part*.9}% 197
\BOOKMARK [1][-]{section.25.1}{\376\377\000T\000h\000e\000\040\000p\000r\000o\000b\000l\000e\000m\000\040\000i\000n\000\040\000t\000h\000e\000\040\000c\000u\000r\000r\000e\000n\000t\000\040\000c\000o\000d\000e}{chapter.25}% 198
\BOOKMARK [1][-]{section.25.2}{\376\377\000T\000h\000e\000\040\000c\000o\000n\000c\000e\000p\000t\000:\000\040\000h\000o\000s\000t\000e\000d\000\040\000b\000a\000c\000k\000g\000r\000o\000u\000n\000d\000\040\000s\000e\000r\000v\000i\000c\000e\000s\000\040\000a\000n\000d\000\040\000a\000\040\000c\000h\000a\000n\000n\000e\000l\000\040\000q\000u\000e\000u\000e}{chapter.25}% 199
\BOOKMARK [1][-]{section.25.3}{\376\377\000W\000h\000e\000r\000e\000\040\000e\000l\000s\000e\000\040\000i\000t\000\040\000a\000p\000p\000l\000i\000e\000s}{chapter.25}% 200
\BOOKMARK [0][-]{chapter.26}{\376\377\000S\000t\000r\000e\000a\000m\000i\000n\000g\000\040\000t\000h\000e\000\040\000A\000s\000s\000i\000s\000t\000a\000n\000t\000'\000s\000\040\000R\000e\000p\000l\000y}{part*.9}% 201
\BOOKMARK [1][-]{section.26.1}{\376\377\000T\000h\000e\000\040\000p\000r\000o\000b\000l\000e\000m\000\040\000i\000n\000\040\000t\000h\000e\000\040\000c\000u\000r\000r\000e\000n\000t\000\040\000c\000o\000d\000e}{chapter.26}% 202
\BOOKMARK [1][-]{section.26.2}{\376\377\000T\000h\000e\000\040\000c\000o\000n\000c\000e\000p\000t\000:\000\040\000s\000t\000r\000e\000a\000m\000\040\000t\000o\000k\000e\000n\000s\000\040\000w\000i\000t\000h\000\040\000I\000A\000s\000y\000n\000c\000E\000n\000u\000m\000e\000r\000a\000b\000l\000e\000\040\000a\000n\000d\000\040\000S\000i\000g\000n\000a\000l\000R}{chapter.26}% 203
\BOOKMARK [0][-]{chapter.27}{\376\377\000P\000u\000s\000h\000i\000n\000g\000\040\000E\000F\000\040\000C\000o\000r\000e\000\040\000F\000u\000r\000t\000h\000e\000r}{part*.9}% 204
\BOOKMARK [1][-]{section.27.1}{\376\377\000R\000e\000a\000d\000-\000o\000n\000l\000y\000\040\000q\000u\000e\000r\000i\000e\000s\000\040\000d\000o\000\040\000n\000o\000t\000\040\000t\000r\000a\000c\000k}{chapter.27}% 205
\BOOKMARK [1][-]{section.27.2}{\376\377\000B\000u\000l\000k\000\040\000o\000p\000e\000r\000a\000t\000i\000o\000n\000s\000\040\000w\000i\000t\000h\000o\000u\000t\000\040\000m\000a\000t\000e\000r\000i\000a\000l\000i\000z\000i\000n\000g}{chapter.27}% 206
\BOOKMARK [1][-]{section.27.3}{\376\377\000G\000l\000o\000b\000a\000l\000\040\000q\000u\000e\000r\000y\000\040\000f\000i\000l\000t\000e\000r\000s\000\040\000f\000o\000r\000\040\000o\000w\000n\000e\000r\000s\000h\000i\000p}{chapter.27}% 207
\BOOKMARK [0][-]{chapter.28}{\376\377\000S\000c\000a\000l\000i\000n\000g\000\040\000O\000u\000t\000\040\000a\000n\000d\000\040\000S\000t\000a\000y\000i\000n\000g\000\040\000R\000e\000s\000i\000l\000i\000e\000n\000t}{part*.9}% 208
\BOOKMARK [1][-]{section.28.1}{\376\377\000S\000c\000a\000l\000e\000,\000\040\000a\000v\000a\000i\000l\000a\000b\000i\000l\000i\000t\000y\000,\000\040\000a\000n\000d\000\040\000r\000e\000s\000i\000l\000i\000e\000n\000c\000e\000\040\000a\000r\000e\000\040\000d\000i\000f\000f\000e\000r\000e\000n\000t}{chapter.28}% 209
\BOOKMARK [1][-]{section.28.2}{\376\377\000D\000i\000s\000t\000r\000i\000b\000u\000t\000e\000d\000\040\000c\000a\000c\000h\000e\000\040\000f\000o\000r\000\040\000m\000u\000l\000t\000i\000-\000i\000n\000s\000t\000a\000n\000c\000e\000\040\000s\000t\000a\000t\000e}{chapter.28}% 210
\BOOKMARK [1][-]{section.28.3}{\376\377\000R\000e\000s\000i\000l\000i\000e\000n\000c\000e\000\040\000p\000i\000p\000e\000l\000i\000n\000e\000s\000\040\000f\000o\000r\000\040\000e\000x\000t\000e\000r\000n\000a\000l\000\040\000c\000a\000l\000l\000s}{chapter.28}% 211
\BOOKMARK [1][-]{section.28.4}{\376\377\000R\000a\000t\000e\000\040\000l\000i\000m\000i\000t\000i\000n\000g\000\040\000a\000n\000d\000\040\000o\000u\000t\000p\000u\000t\000\040\000c\000a\000c\000h\000i\000n\000g}{chapter.28}% 212
\BOOKMARK [0][-]{chapter.29}{\376\377\000O\000p\000e\000r\000a\000b\000i\000l\000i\000t\000y\000\040\000a\000n\000d\000\040\000C\000o\000r\000r\000e\000c\000t\000n\000e\000s\000s}{part*.9}% 213
\BOOKMARK [1][-]{section.29.1}{\376\377\000H\000e\000a\000l\000t\000h\000\040\000c\000h\000e\000c\000k\000s}{chapter.29}% 214
\BOOKMARK [1][-]{section.29.2}{\376\377\000O\000b\000s\000e\000r\000v\000a\000b\000i\000l\000i\000t\000y\000\040\000w\000i\000t\000h\000\040\000O\000p\000e\000n\000T\000e\000l\000e\000m\000e\000t\000r\000y\000\040\000a\000n\000d\000\040\000A\000z\000u\000r\000e\000\040\000M\000o\000n\000i\000t\000o\000r}{chapter.29}% 215
\BOOKMARK [1][-]{section.29.3}{\376\377\000A\000I\000\040\000q\000u\000a\000l\000i\000t\000y\000\040\000r\000e\000q\000u\000i\000r\000e\000s\000\040\000e\000v\000a\000l\000u\000a\000t\000i\000o\000n\000,\000\040\000n\000o\000t\000\040\000o\000n\000l\000y\000\040\000t\000e\000l\000e\000m\000e\000t\000r\000y}{chapter.29}% 216
\BOOKMARK [1][-]{section.29.4}{\376\377\000P\000l\000a\000t\000f\000o\000r\000m\000\040\000h\000e\000a\000l\000t\000h\000\040\000a\000n\000d\000\040\000r\000e\000c\000o\000m\000m\000e\000n\000d\000a\000t\000i\000o\000n\000s}{chapter.29}% 217
\BOOKMARK [1][-]{section.29.5}{\376\377\000T\000e\000s\000t\000a\000b\000l\000e\000\040\000t\000i\000m\000e}{chapter.29}% 218
\BOOKMARK [1][-]{section.29.6}{\376\377\000S\000m\000a\000l\000l\000e\000r\000\040\000w\000i\000n\000s}{chapter.29}% 219
\BOOKMARK [1][-]{section.29.6}{\376\377\000C\000l\000o\000s\000i\000n\000g}{chapter.29}% 220
